title                    	
YCG9_Probable__________13	
YCG8________573_residues_	
ALPHA2________633_residue	
ALPHA1________528_residue	
CHA1_________1083_residue	
KRR1__________951_residue	
PRD1_________2139_residue	
KAR4_________1008_residue	
PBN1_________1251_residue	
LRE1_________1761_residue	
APA1__________966_residue	
YCE9__________939_residue	
YCE8_________1392_residue	
YCE7__________777_residue	
YCE5_________2283_residue	
YCE6__________324_residue	
YCE4_________1254_residue	
PDI1_________1569_residue	
GLK1_________1503_residue	
YCD8_________1587_residue	
SRO9_________1401_residue	
YCD6_________1701_residue	
YCD5__________333_residue	
YCD3__________507_residue	
STE50________1041_residue	
HIS4_________2400_residue	
BIK1_________1323_residue	
FUS1_________1539_residue	
YC08__________579_residue	
AGP1_________1902_residue	
LEU2_________1095_residue	
NFS1_________1494_residue	
BUD3_________4104_residue	
GBP2_________1284_residue	
ILV6__________930_residue	
CWH36_________393_residue	
PEL1_________1251_residue	
RER1__________567_residue	
CDC10_________969_residue	
MRPL32________552_residue	
YCP4__________744_residue	
CIT2_________1383_residue	
YCP7__________720_residue	
SAT4_________1812_residue	
RVS161________798_residue	
YCQ0__________852_residue	
ADP1_________3150_residue	
PGK1_________1251_residue	
POL4_________1749_residue	
YCQ7_________2862_residue	
SRD1__________678_residue	
MAK32________1092_residue	
PET18_________648_residue	
MAK31_________267_residue	
HSP30_________999_residue	
YCR3_________1836_residue	
SYN_________1479_residues	
YCR6_________2232_residue	
GNS1_________630_residues	
FEN2_________1539_residue	
RIM1__________444_residue	
CRY1__________414_residue	
YCS2________6504_residues	
YCS3________3681_residues	
GNS1_________1044_residue	
RBK1_________1002_residue	
PHO87________2772_residue	
BUD5_________1617_residue	
MATALPHA2_________633_res	
MATALPHA1_________528_res	
TSM1_________4224_residue	
YCT5________1476_residues	
PETCR46_______510_residue	
YCT7________828_residues_	
YCT9_________447_residues	
ARE1_________1833_residue	
RSC6_________1452_residue	
THR4_________1545_residue	
CTR86________1692_residue	
PWP2_________2772_residue	
YCU9_________777_residues	
YCV1________1752_residues	
G10_________474_residues_	
HCM1_________1599_residue	
RAD18________1464_residue	
CYPR_________957_residues	
YCW1________366_residues_	
YCW2________1548_residues	
SSK22________3945_residue	
SOL2__________948_residue	
ERS1__________783_residue	
PAT1_______2394_residues_	
SRB8_________4284_residue	
YCX3_________384_residues	
TUP1_________2142_residue	
YC16________462_residues_	
ABP1_________1779_residue	
KIN82________2181_residue	
MSH3_________3144_residue	
CDC39________6327_residue	
YCY4________1176_residues	
A2____________360_residue	
GIT1_________1557_residue	
YCZ0_________951_residues	
YCZ1________549_residues_	
YCZ2________1107_residues	
YCZ3________336_residues_	
PAU3__________375_residue	
YCZ5________1086_residues	
YCZ6_______2499_residues_	
YCZ7_______1092_residues_	
title                    	
YCG9_Probable__________13	
YCG8________573_residues_	
ALPHA2________633_residue	
ALPHA1________528_residue	
CHA1_________1083_residue	
KRR1__________951_residue	
PRD1_________2139_residue	
KAR4_________1008_residue	
PBN1_________1251_residue	
LRE1_________1761_residue	
APA1__________966_residue	
YCE9__________939_residue	
YCE8_________1392_residue	
YCE7__________777_residue	
YCE5_________2283_residue	
YCE6__________324_residue	
YCE4_________1254_residue	
PDI1_________1569_residue	
GLK1_________1503_residue	
YCD8_________1587_residue	
SRO9_________1401_residue	
YCD6_________1701_residue	
YCD5__________333_residue	
YCD3__________507_residue	
STE50________1041_residue	
HIS4_________2400_residue	
BIK1_________1323_residue	
FUS1_________1539_residue	
YC08__________579_residue	
AGP1_________1902_residue	
LEU2_________1095_residue	
NFS1_________1494_residue	
BUD3_________4104_residue	
GBP2_________1284_residue	
ILV6__________930_residue	
CWH36_________393_residue	
PEL1_________1251_residue	
RER1__________567_residue	
CDC10_________969_residue	
MRPL32________552_residue	
YCP4__________744_residue	
CIT2_________1383_residue	
YCP7__________720_residue	
SAT4_________1812_residue	
RVS161________798_residue	
YCQ0__________852_residue	
ADP1_________3150_residue	
PGK1_________1251_residue	
POL4_________1749_residue	
YCQ7_________2862_residue	
SRD1__________678_residue	
MAK32________1092_residue	
PET18_________648_residue	
MAK31_________267_residue	
HSP30_________999_residue	
YCR3_________1836_residue	
SYN_________1479_residues	
YCR6_________2232_residue	
GNS1_________630_residues	
FEN2_________1539_residue	
RIM1__________444_residue	
CRY1__________414_residue	
YCS2________6504_residues	
YCS3________3681_residues	
GNS1_________1044_residue	
RBK1_________1002_residue	
PHO87________2772_residue	
BUD5_________1617_residue	
MATALPHA2_________633_res	
MATALPHA1_________528_res	
TSM1_________4224_residue	
YCT5________1476_residues	
PETCR46_______510_residue	
YCT7________828_residues_	
YCT9_________447_residues	
ARE1_________1833_residue	
RSC6_________1452_residue	
THR4_________1545_residue	
CTR86________1692_residue	
PWP2_________2772_residue	
YCU9_________777_residues	
YCV1________1752_residues	
G10_________474_residues_	
HCM1_________1599_residue	
RAD18________1464_residue	
CYPR_________957_residues	
YCW1________366_residues_	
YCW2________1548_residues	
SSK22________3945_residue	
SOL2__________948_residue	
ERS1__________783_residue	
PAT1_______2394_residues_	
SRB8_________4284_residue	
YCX3_________384_residues	
TUP1_________2142_residue	
YC16________462_residues_	
ABP1_________1779_residue	
KIN82________2181_residue	
MSH3_________3144_residue	
CDC39________6327_residue	
YCY4________1176_residues	
A2____________360_residue	
GIT1_________1557_residue	
YCZ0_________951_residues	
YCZ1________549_residues_	
YCZ2________1107_residues	
YCZ3________336_residues_	
PAU3__________375_residue	
YCZ5________1086_residues	
YCZ6_______2499_residues_	
YCZ7_______1092_residues_	
